<?xml version="1.0" encoding="UTF-8"?>
<!-- Generated by org.testng.reporters.JUnitXMLReporter -->
<testsuite ignored="2" hostname="Anusha" failures="0" tests="2" name="Test" time="53.199" errors="0" timestamp="2025-04-23T08:50:07 IST">
  <testcase classname="inventoryTests.AddLowestPriceProducttoCartTest" name="addLowestPriceProductTest" time="7.902"/>
  <testcase classname="inventoryTests.MakeanOrderTest" name="tc_001_MakeanOrderTest" time="10.916"/>
  <testcase classname="genericUtilities.BaseClass" name="@AfterSuite asConfig" time="0.0">
    <ignored/>
  </testcase> <!-- @AfterSuite asConfig -->
  <testcase classname="genericUtilities.BaseClass" name="@BeforeSuite bsConfig" time="0.0">
    <ignored/>
  </testcase> <!-- @BeforeSuite bsConfig -->
</testsuite> <!-- Test -->
