<?xml version="1.0" encoding="UTF-8"?>
<testng-results ignored="0" total="2" passed="2" failed="0" skipped="0">
  <reporter-output>
  </reporter-output>
  <suite started-at="2025-04-18T08:34:16 IST" name="Suite" finished-at="2025-04-18T08:34:45 IST" duration-ms="28499">
    <groups>
      <group name="RegressionSuite">
        <method signature="AddLowestPriceProducttoCartTest.addLowestPriceProductTest()[pri:0, instance:inventoryTests.AddLowestPriceProducttoCartTest@3023df74]" name="addLowestPriceProductTest" class="inventoryTests.AddLowestPriceProducttoCartTest"/>
      </group> <!-- RegressionSuite -->
      <group name="SmokeSuite">
        <method signature="MakeanOrderTest.tc_001_MakeanOrderTest()[pri:0, instance:inventoryTests.MakeanOrderTest@6c6cb480]" name="tc_001_MakeanOrderTest" class="inventoryTests.MakeanOrderTest"/>
      </group> <!-- SmokeSuite -->
    </groups>
    <test started-at="2025-04-18T08:34:16 IST" name="Test1" finished-at="2025-04-18T08:34:40 IST" duration-ms="24084">
      <class name="inventoryTests.AddLowestPriceProducttoCartTest">
        <test-method is-config="true" signature="bcConfig()[pri:0, instance:inventoryTests.AddLowestPriceProducttoCartTest@3023df74]" started-at="2025-04-18T08:34:16 IST" name="bcConfig" finished-at="2025-04-18T08:34:21 IST" duration-ms="4591" status="PASS">
          <reporter-output>
          </reporter-output>
        </test-method> <!-- bcConfig -->
        <test-method is-config="true" signature="bmConfig()[pri:0, instance:inventoryTests.AddLowestPriceProducttoCartTest@3023df74]" started-at="2025-04-18T08:34:21 IST" name="bmConfig" finished-at="2025-04-18T08:34:28 IST" duration-ms="6591" status="PASS">
          <reporter-output>
          </reporter-output>
        </test-method> <!-- bmConfig -->
        <test-method signature="addLowestPriceProductTest()[pri:0, instance:inventoryTests.AddLowestPriceProducttoCartTest@3023df74]" started-at="2025-04-18T08:34:28 IST" name="addLowestPriceProductTest" finished-at="2025-04-18T08:34:39 IST" duration-ms="11103" status="PASS">
          <reporter-output>
          </reporter-output>
        </test-method> <!-- addLowestPriceProductTest -->
        <test-method is-config="true" signature="amConfig()[pri:0, instance:inventoryTests.AddLowestPriceProducttoCartTest@3023df74]" started-at="2025-04-18T08:34:39 IST" name="amConfig" finished-at="2025-04-18T08:34:39 IST" duration-ms="669" status="PASS">
          <reporter-output>
          </reporter-output>
        </test-method> <!-- amConfig -->
        <test-method is-config="true" signature="acConfig()[pri:0, instance:inventoryTests.AddLowestPriceProducttoCartTest@3023df74]" started-at="2025-04-18T08:34:39 IST" name="acConfig" finished-at="2025-04-18T08:34:40 IST" duration-ms="954" status="PASS">
          <reporter-output>
          </reporter-output>
        </test-method> <!-- acConfig -->
      </class> <!-- inventoryTests.AddLowestPriceProducttoCartTest -->
    </test> <!-- Test1 -->
    <test started-at="2025-04-18T08:34:16 IST" name="Test2" finished-at="2025-04-18T08:34:45 IST" duration-ms="28499">
      <class name="inventoryTests.MakeanOrderTest">
        <test-method is-config="true" signature="bsConfig()[pri:0, instance:inventoryTests.MakeanOrderTest@6c6cb480]" started-at="2025-04-18T08:34:16 IST" name="bsConfig" finished-at="2025-04-18T08:34:16 IST" duration-ms="25" status="PASS">
          <reporter-output>
          </reporter-output>
        </test-method> <!-- bsConfig -->
        <test-method is-config="true" signature="bcConfig()[pri:0, instance:inventoryTests.MakeanOrderTest@6c6cb480]" started-at="2025-04-18T08:34:16 IST" name="bcConfig" finished-at="2025-04-18T08:34:23 IST" duration-ms="6342" status="PASS">
          <reporter-output>
          </reporter-output>
        </test-method> <!-- bcConfig -->
        <test-method is-config="true" signature="bmConfig()[pri:0, instance:inventoryTests.MakeanOrderTest@6c6cb480]" started-at="2025-04-18T08:34:23 IST" name="bmConfig" finished-at="2025-04-18T08:34:28 IST" duration-ms="5602" status="PASS">
          <reporter-output>
          </reporter-output>
        </test-method> <!-- bmConfig -->
        <test-method signature="tc_001_MakeanOrderTest()[pri:0, instance:inventoryTests.MakeanOrderTest@6c6cb480]" started-at="2025-04-18T08:34:28 IST" name="tc_001_MakeanOrderTest" finished-at="2025-04-18T08:34:43 IST" duration-ms="15168" status="PASS">
          <reporter-output>
          </reporter-output>
        </test-method> <!-- tc_001_MakeanOrderTest -->
        <test-method is-config="true" signature="amConfig()[pri:0, instance:inventoryTests.MakeanOrderTest@6c6cb480]" started-at="2025-04-18T08:34:43 IST" name="amConfig" finished-at="2025-04-18T08:34:44 IST" duration-ms="377" status="PASS">
          <reporter-output>
          </reporter-output>
        </test-method> <!-- amConfig -->
        <test-method is-config="true" signature="acConfig()[pri:0, instance:inventoryTests.MakeanOrderTest@6c6cb480]" started-at="2025-04-18T08:34:44 IST" name="acConfig" finished-at="2025-04-18T08:34:45 IST" duration-ms="983" status="PASS">
          <reporter-output>
          </reporter-output>
        </test-method> <!-- acConfig -->
        <test-method is-config="true" signature="asConfig()[pri:0, instance:inventoryTests.MakeanOrderTest@6c6cb480]" started-at="2025-04-18T08:34:45 IST" name="asConfig" finished-at="2025-04-18T08:34:45 IST" duration-ms="2" status="PASS">
          <reporter-output>
          </reporter-output>
        </test-method> <!-- asConfig -->
      </class> <!-- inventoryTests.MakeanOrderTest -->
    </test> <!-- Test2 -->
  </suite> <!-- Suite -->
</testng-results>
