<?xml version="1.0" encoding="UTF-8"?>
<testng-results ignored="0" total="1" passed="1" failed="0" skipped="0">
  <reporter-output>
  </reporter-output>
  <suite started-at="2025-04-23T08:42:03 IST" name="Suite" finished-at="2025-04-23T08:43:02 IST" duration-ms="59132">
    <groups>
      <group name="SmokeSuite">
        <method signature="MakeanOrderTest.tc_001_MakeanOrderTest()[pri:0, instance:inventoryTests.MakeanOrderTest@ba2f4ec]" name="tc_001_MakeanOrderTest" class="inventoryTests.MakeanOrderTest"/>
      </group> <!-- SmokeSuite -->
    </groups>
    <test started-at="2025-04-23T08:42:03 IST" name="Test" finished-at="2025-04-23T08:43:02 IST" duration-ms="59132">
      <class name="inventoryTests.MakeanOrderTest">
        <test-method is-config="true" signature="bsConfig()[pri:0, instance:inventoryTests.MakeanOrderTest@ba2f4ec]" started-at="2025-04-23T08:42:03 IST" name="bsConfig" finished-at="2025-04-23T08:42:03 IST" duration-ms="15" status="PASS">
          <reporter-output>
          </reporter-output>
        </test-method> <!-- bsConfig -->
        <test-method is-config="true" signature="bcConfig()[pri:0, instance:inventoryTests.MakeanOrderTest@ba2f4ec]" started-at="2025-04-23T08:42:03 IST" name="bcConfig" finished-at="2025-04-23T08:42:42 IST" duration-ms="39180" status="PASS">
          <reporter-output>
          </reporter-output>
        </test-method> <!-- bcConfig -->
        <test-method is-config="true" signature="bmConfig()[pri:0, instance:inventoryTests.MakeanOrderTest@ba2f4ec]" started-at="2025-04-23T08:42:42 IST" name="bmConfig" finished-at="2025-04-23T08:42:48 IST" duration-ms="5781" status="PASS">
          <reporter-output>
          </reporter-output>
        </test-method> <!-- bmConfig -->
        <test-method signature="tc_001_MakeanOrderTest()[pri:0, instance:inventoryTests.MakeanOrderTest@ba2f4ec]" started-at="2025-04-23T08:42:48 IST" name="tc_001_MakeanOrderTest" finished-at="2025-04-23T08:43:00 IST" duration-ms="11782" status="PASS">
          <reporter-output>
          </reporter-output>
        </test-method> <!-- tc_001_MakeanOrderTest -->
        <test-method is-config="true" signature="amConfig()[pri:0, instance:inventoryTests.MakeanOrderTest@ba2f4ec]" started-at="2025-04-23T08:43:00 IST" name="amConfig" finished-at="2025-04-23T08:43:01 IST" duration-ms="490" status="PASS">
          <reporter-output>
          </reporter-output>
        </test-method> <!-- amConfig -->
        <test-method is-config="true" signature="acConfig()[pri:0, instance:inventoryTests.MakeanOrderTest@ba2f4ec]" started-at="2025-04-23T08:43:01 IST" name="acConfig" finished-at="2025-04-23T08:43:02 IST" duration-ms="1826" status="PASS">
          <reporter-output>
          </reporter-output>
        </test-method> <!-- acConfig -->
        <test-method is-config="true" signature="asConfig()[pri:0, instance:inventoryTests.MakeanOrderTest@ba2f4ec]" started-at="2025-04-23T08:43:02 IST" name="asConfig" finished-at="2025-04-23T08:43:02 IST" duration-ms="2" status="PASS">
          <reporter-output>
          </reporter-output>
        </test-method> <!-- asConfig -->
      </class> <!-- inventoryTests.MakeanOrderTest -->
    </test> <!-- Test -->
  </suite> <!-- Suite -->
</testng-results>
